#
# A fatal error has been detected by the Java Runtime Environment:
#
#  EXCEPTION_ACCESS_VIOLATION (0xc0000005) at pc=0x00007ffa1cf9696a, pid=21716, tid=0x0000000000005c7c
#
# JRE version: Java(TM) SE Runtime Environment (8.0_221-b11) (build 1.8.0_221-b11)
# Java VM: Java HotSpot(TM) 64-Bit Server VM (25.221-b11 mixed mode windows-amd64 compressed oops)
# Problematic frame:
# C  [ig9icd64.dll+0x1696a]
#
# Failed to write core dump. Minidumps are not enabled by default on client versions of Windows
#
# If you would like to submit a bug report, please visit:
#   http://bugreport.java.com/bugreport/crash.jsp
# The crash happened outside the Java Virtual Machine in native code.
# See problematic frame for where to report the bug.
#

---------------  T H R E A D  ---------------

Current thread (0x00000000177ca000):  JavaThread "AWT-EventQueue-0" [_thread_in_native, id=23676, stack(0x00000000186c0000,0x00000000187c0000)]

siginfo: ExceptionCode=0xc0000005, reading address 0x000000011deab730

Registers:
RAX=0x00007ffa1cf9696a, RBX=0x0000000019c89148, RCX=0x000000001deab750, RDX=0x000000011deab740
RSP=0x00000000187bcc50, RBP=0x0000000000000000, RSI=0x00000000ffffffff, RDI=0x0000000000010000
R8 =0x0000000000000010, R9 =0x00007ffa1cf80000, R10=0x0000000000000003, R11=0x0000000000000010
R12=0x0000000019c8a308, R13=0x0000000000000000, R14=0x0000000000000010, R15=0x0000000019c60080
RIP=0x00007ffa1cf9696a, EFLAGS=0x0000000000010206

Top of Stack: (sp=0x00000000187bcc50)
0x00000000187bcc50:   00000000010a9220 0000000001088e70
0x00000000187bcc60:   0000000000000000 00007ffa7abf12f9
0x00000000187bcc70:   00007ffa78b907f1 00007ffa1d078347
0x00000000187bcc80:   00000000010a9220 0000000000000000
0x00000000187bcc90:   0000000000000001 00000000187bcca8
0x00000000187bcca0:   0000000000000000 00007ffaffffffff
0x00000000187bccb0:   00000000187bcca8 0000000000000001
0x00000000187bccc0:   0000000000000000 00000000177ca000
0x00000000187bccd0:   0000000000000010 0000000019183be0
0x00000000187bcce0:   0000000000000000 0000000019c60080
0x00000000187bccf0:   0000000019c60080 0000000000000000
0x00000000187bcd00:   0000000019c60080 00007ffa1d0cb76b
0x00000000187bcd10:   00000000ffffffff 0000000000000000
0x00000000187bcd20:   0000000000000001 0000000000000003
0x00000000187bcd30:   000000000114d9b0 00007ffa1cfe7f3e
0x00000000187bcd40:   ffffffffb3010cfb 00007ffa78b397cf 

Instructions: (pc=0x00007ffa1cf9696a)
0x00007ffa1cf9694a:   41 d8 8b 42 dc 89 41 dc 8b 42 e0 89 41 e0 8b 42
0x00007ffa1cf9695a:   e4 89 41 e4 8b 42 e8 89 41 e8 8b 42 ec 89 41 ec
0x00007ffa1cf9696a:   8b 42 f0 89 41 f0 e9 26 03 00 00 48 8b c1 83 e0
0x00007ffa1cf9697a:   0f 74 3d 41 b9 10 00 00 00 4c 2b c8 49 8b c1 49 


Register to memory mapping:

RAX=0x00007ffa1cf9696a is an unknown value
RBX=0x0000000019c89148 is an unknown value
RCX=0x000000001deab750 is an unknown value
RDX=0x000000011deab740 is an unknown value
RSP=0x00000000187bcc50 is pointing into the stack for thread: 0x00000000177ca000
RBP=0x0000000000000000 is an unknown value
RSI=0x00000000ffffffff is an unallocated location in the heap
RDI=0x0000000000010000 is an unknown value
R8 =0x0000000000000010 is an unknown value
R9 =0x00007ffa1cf80000 is an unknown value
R10=0x0000000000000003 is an unknown value
R11=0x0000000000000010 is an unknown value
R12=0x0000000019c8a308 is an unknown value
R13=0x0000000000000000 is an unknown value
R14=0x0000000000000010 is an unknown value
R15=0x0000000019c60080 is an unknown value


Stack: [0x00000000186c0000,0x00000000187c0000],  sp=0x00000000187bcc50,  free space=1011k
Native frames: (J=compiled Java code, j=interpreted, Vv=VM code, C=native code)

Java frames: (J=compiled Java code, j=interpreted, Vv=VM code)
j  com.sun.opengl.impl.windows.WGL.SwapBuffers(J)Z+0
j  com.sun.opengl.impl.windows.WindowsOnscreenGLDrawable.swapBuffers()V+38
j  com.sun.opengl.impl.GLDrawableHelper.invokeGL(Ljavax/media/opengl/GLDrawable;Ljavax/media/opengl/GLContext;Ljava/lang/Runnable;Ljava/lang/Runnable;)V+435
j  javax.media.opengl.GLCanvas.maybeDoSingleThreadedWorkaround(Ljava/lang/Runnable;Ljava/lang/Runnable;)V+36
j  javax.media.opengl.GLCanvas.display()V+9
j  computer.graphics.First$2.mouseDragged(Ljava/awt/event/MouseEvent;)V+123
j  java.awt.Component.processMouseMotionEvent(Ljava/awt/event/MouseEvent;)V+52
j  java.awt.Component.processEvent(Ljava/awt/AWTEvent;)V+92
j  java.awt.Component.dispatchEventImpl(Ljava/awt/AWTEvent;)V+589
j  java.awt.Component.dispatchEvent(Ljava/awt/AWTEvent;)V+2
j  java.awt.EventQueue.dispatchEventImpl(Ljava/awt/AWTEvent;Ljava/lang/Object;)V+41
j  java.awt.EventQueue.access$500(Ljava/awt/EventQueue;Ljava/awt/AWTEvent;Ljava/lang/Object;)V+3
j  java.awt.EventQueue$3.run()Ljava/lang/Void;+32
j  java.awt.EventQueue$3.run()Ljava/lang/Object;+1
v  ~StubRoutines::call_stub
J 689  java.security.AccessController.doPrivileged(Ljava/security/PrivilegedAction;Ljava/security/AccessControlContext;)Ljava/lang/Object; (0 bytes) @ 0x000000000331ef26 [0x000000000331eec0+0x66]
J 690 C1 java.security.ProtectionDomain$JavaSecurityAccessImpl.doIntersectionPrivilege(Ljava/security/PrivilegedAction;Ljava/security/AccessControlContext;Ljava/security/AccessControlContext;)Ljava/lang/Object; (22 bytes) @ 0x000000000332282c [0x00000000033223c0+0x46c]
j  java.security.ProtectionDomain$JavaSecurityAccessImpl.doIntersectionPrivilege(Ljava/security/PrivilegedAction;Ljava/security/AccessControlContext;)Ljava/lang/Object;+6
j  java.awt.EventQueue$4.run()Ljava/lang/Void;+11
j  java.awt.EventQueue$4.run()Ljava/lang/Object;+1
v  ~StubRoutines::call_stub
J 689  java.security.AccessController.doPrivileged(Ljava/security/PrivilegedAction;Ljava/security/AccessControlContext;)Ljava/lang/Object; (0 bytes) @ 0x000000000331ef26 [0x000000000331eec0+0x66]
J 698 C1 java.awt.EventQueue.dispatchEvent(Ljava/awt/AWTEvent;)V (80 bytes) @ 0x0000000003326f7c [0x0000000003326100+0xe7c]
j  java.awt.EventDispatchThread.pumpOneEventForFilters(I)V+140
j  java.awt.EventDispatchThread.pumpEventsForFilter(ILjava/awt/Conditional;Ljava/awt/EventFilter;)V+35
j  java.awt.EventDispatchThread.pumpEventsForHierarchy(ILjava/awt/Conditional;Ljava/awt/Component;)V+11
j  java.awt.EventDispatchThread.pumpEvents(ILjava/awt/Conditional;)V+4
j  java.awt.EventDispatchThread.pumpEvents(Ljava/awt/Conditional;)V+3
j  java.awt.EventDispatchThread.run()V+9
v  ~StubRoutines::call_stub

---------------  P R O C E S S  ---------------

Java Threads: ( => current thread )
  0x00000000177c9800 JavaThread "TimerQueue" daemon [_thread_blocked, id=16108, stack(0x0000000019060000,0x0000000019160000)]
  0x00000000177cb800 JavaThread "DestroyJavaVM" [_thread_blocked, id=23260, stack(0x0000000002db0000,0x0000000002eb0000)]
=>0x00000000177ca000 JavaThread "AWT-EventQueue-0" [_thread_in_native, id=23676, stack(0x00000000186c0000,0x00000000187c0000)]
  0x000000001737d800 JavaThread "AWT-Windows" daemon [_thread_in_native, id=6020, stack(0x00000000180c0000,0x00000000181c0000)]
  0x000000001737d000 JavaThread "AWT-Shutdown" [_thread_blocked, id=21312, stack(0x0000000017fc0000,0x00000000180c0000)]
  0x000000001737c000 JavaThread "Java2D Disposer" daemon [_thread_blocked, id=21228, stack(0x0000000017ec0000,0x0000000017fc0000)]
  0x0000000016fb0800 JavaThread "Service Thread" daemon [_thread_blocked, id=21356, stack(0x0000000017380000,0x0000000017480000)]
  0x0000000015676000 JavaThread "C1 CompilerThread2" daemon [_thread_blocked, id=10120, stack(0x0000000016e80000,0x0000000016f80000)]
  0x000000001562b000 JavaThread "C2 CompilerThread1" daemon [_thread_blocked, id=21316, stack(0x0000000016d80000,0x0000000016e80000)]
  0x0000000015627000 JavaThread "C2 CompilerThread0" daemon [_thread_blocked, id=23672, stack(0x0000000016c80000,0x0000000016d80000)]
  0x0000000015672000 JavaThread "Attach Listener" daemon [_thread_blocked, id=23664, stack(0x0000000016b80000,0x0000000016c80000)]
  0x0000000015617800 JavaThread "Signal Dispatcher" daemon [_thread_blocked, id=23660, stack(0x0000000016a80000,0x0000000016b80000)]
  0x0000000015609800 JavaThread "Finalizer" daemon [_thread_blocked, id=16328, stack(0x0000000016880000,0x0000000016980000)]
  0x0000000003071000 JavaThread "Reference Handler" daemon [_thread_blocked, id=21472, stack(0x0000000016780000,0x0000000016880000)]

Other Threads:
  0x00000000155e8000 VMThread [stack: 0x0000000016680000,0x0000000016780000] [id=10580]
  0x000000001701d000 WatcherThread [stack: 0x0000000017480000,0x0000000017580000] [id=22680]

VM state:not at safepoint (normal execution)

VM Mutex/Monitor currently owned by a thread: None

heap address: 0x00000000c2000000, size: 992 MB, Compressed Oops mode: 32-bit
Narrow klass base: 0x0000000000000000, Narrow klass shift: 3
Compressed class space size: 1073741824 Address: 0x0000000100000000

Heap:
 PSYoungGen      total 18432K, used 10399K [0x00000000eb580000, 0x00000000eca00000, 0x0000000100000000)
  eden space 15872K, 65% used [0x00000000eb580000,0x00000000ebfa7cc0,0x00000000ec500000)
  from space 2560K, 0% used [0x00000000ec780000,0x00000000ec780000,0x00000000eca00000)
  to   space 2560K, 0% used [0x00000000ec500000,0x00000000ec500000,0x00000000ec780000)
 ParOldGen       total 42496K, used 0K [0x00000000c2000000, 0x00000000c4980000, 0x00000000eb580000)
  object space 42496K, 0% used [0x00000000c2000000,0x00000000c2000000,0x00000000c4980000)
 Metaspace       used 13977K, capacity 14244K, committed 14592K, reserved 1062912K
  class space    used 1682K, capacity 1766K, committed 1792K, reserved 1048576K

Card table byte_map: [0x0000000012440000,0x0000000012640000] byte_map_base: 0x0000000011e30000

Marking Bits: (ParMarkBitMap*) 0x0000000054665ce0
 Begin Bits: [0x0000000012b90000, 0x0000000013b10000)
 End Bits:   [0x0000000013b10000, 0x0000000014a90000)

Polling page: 0x00000000014c0000

CodeCache: size=245760Kb used=2870Kb max_used=2870Kb free=242890Kb
 bounds [0x0000000003080000, 0x0000000003350000, 0x0000000012080000]
 total_blobs=1428 nmethods=783 adapters=558
 compilation: enabled

Compilation events (10 events):
Event: 1.315 Thread 0x0000000015676000  778       3       java.lang.reflect.Method::invoke (62 bytes)
Event: 1.316 Thread 0x0000000015676000 nmethod 778 0x000000000334bbd0 code [0x000000000334bd80, 0x000000000334c2e8]
Event: 1.316 Thread 0x0000000015676000  779       3       sun.reflect.DelegatingMethodAccessorImpl::invoke (10 bytes)
Event: 1.316 Thread 0x0000000015676000 nmethod 779 0x000000000334b750 code [0x000000000334b8c0, 0x000000000334bae8]
Event: 1.316 Thread 0x0000000015676000  777       3       java.nio.Bits::byteOrder (20 bytes)
Event: 1.316 Thread 0x0000000015676000 nmethod 777 0x000000000334b450 code [0x000000000334b5a0, 0x000000000334b6f0]
Event: 1.442 Thread 0x0000000015676000  780       3       sun.awt.AWTAutoShutdown::isReadyToShutdown (37 bytes)
Event: 1.443 Thread 0x0000000015676000 nmethod 780 0x000000000334ae10 code [0x000000000334afa0, 0x000000000334b358]
Event: 1.485 Thread 0x0000000015676000  781       3       java.util.IdentityHashMap::isEmpty (13 bytes)
Event: 1.485 Thread 0x0000000015676000 nmethod 781 0x000000000334aa90 code [0x000000000334abe0, 0x000000000334ad90]

GC Heap History (0 events):
No events

Deoptimization events (0 events):
No events

Classes redefined (0 events):
No events

Internal exceptions (10 events):
Event: 0.043 Thread 0x000000000158d800 Exception <a 'java/lang/NoSuchMethodError': Method sun.misc.Unsafe.defineClass(Ljava/lang/String;[BII)Ljava/lang/Class; name or signature does not match> (0x00000000eb587cb8) thrown at [C:\re\workspace\8-2-build-windows-amd64-cygwin\jdk8u221\13320\hotspot
Event: 0.043 Thread 0x000000000158d800 Exception <a 'java/lang/NoSuchMethodError': Method sun.misc.Unsafe.prefetchRead(Ljava/lang/Object;J)V name or signature does not match> (0x00000000eb587fa0) thrown at [C:\re\workspace\8-2-build-windows-amd64-cygwin\jdk8u221\13320\hotspot\src\share\vm\prim
Event: 0.204 Thread 0x000000000158d800 Exception <a 'java/security/PrivilegedActionException'> (0x00000000eb6f2000) thrown at [C:\re\workspace\8-2-build-windows-amd64-cygwin\jdk8u221\13320\hotspot\src\share\vm\prims\jvm.cpp, line 1502]
Event: 0.204 Thread 0x000000000158d800 Exception <a 'java/security/PrivilegedActionException'> (0x00000000eb6f2210) thrown at [C:\re\workspace\8-2-build-windows-amd64-cygwin\jdk8u221\13320\hotspot\src\share\vm\prims\jvm.cpp, line 1502]
Event: 0.205 Thread 0x000000000158d800 Exception <a 'java/security/PrivilegedActionException'> (0x00000000eb6f6120) thrown at [C:\re\workspace\8-2-build-windows-amd64-cygwin\jdk8u221\13320\hotspot\src\share\vm\prims\jvm.cpp, line 1502]
Event: 0.205 Thread 0x000000000158d800 Exception <a 'java/security/PrivilegedActionException'> (0x00000000eb6f6330) thrown at [C:\re\workspace\8-2-build-windows-amd64-cygwin\jdk8u221\13320\hotspot\src\share\vm\prims\jvm.cpp, line 1502]
Event: 0.212 Thread 0x000000000158d800 Exception <a 'java/io/FileNotFoundException'> (0x00000000eb6f8470) thrown at [C:\re\workspace\8-2-build-windows-amd64-cygwin\jdk8u221\13320\hotspot\src\share\vm\prims\jni.cpp, line 710]
Event: 0.289 Thread 0x000000000158d800 Exception <a 'java/lang/NoSuchFieldError': method resolution failed> (0x00000000eb7c9088) thrown at [C:\re\workspace\8-2-build-windows-amd64-cygwin\jdk8u221\13320\hotspot\src\share\vm\prims\methodHandles.cpp, line 1167]
Event: 0.305 Thread 0x000000000158d800 Exception <a 'java/lang/NoSuchFieldError': method resolution failed> (0x00000000eb7d6468) thrown at [C:\re\workspace\8-2-build-windows-amd64-cygwin\jdk8u221\13320\hotspot\src\share\vm\prims\methodHandles.cpp, line 1167]
Event: 0.389 Thread 0x000000000158d800 Exception <a 'java/io/FileNotFoundException'> (0x00000000eb86edc8) thrown at [C:\re\workspace\8-2-build-windows-amd64-cygwin\jdk8u221\13320\hotspot\src\share\vm\prims\jni.cpp, line 710]

Events (10 events):
Event: 1.008 loading class com/sun/opengl/impl/GLProcAddressTable
Event: 1.008 loading class com/sun/opengl/impl/GLProcAddressTable done
Event: 1.009 loading class com/sun/gluegen/runtime/ProcAddressHelper
Event: 1.009 loading class com/sun/gluegen/runtime/ProcAddressHelper done
Event: 1.017 loading class sun/reflect/UnsafeLongFieldAccessorImpl
Event: 1.017 loading class sun/reflect/UnsafeLongFieldAccessorImpl done
Event: 1.020 loading class com/sun/opengl/impl/windows/WGLExtProcAddressTable
Event: 1.020 loading class com/sun/opengl/impl/windows/WGLExtProcAddressTable done
Event: 1.272 loading class javafx/util/Pair
Event: 1.272 loading class javafx/util/Pair done


Dynamic libraries:
0x00007ff77e760000 - 0x00007ff77e797000 	C:\Program Files\Java\jdk1.8.0_221\bin\java.exe
0x00007ffa7abd0000 - 0x00007ffa7adc6000 	C:\WINDOWS\SYSTEM32\ntdll.dll
0x00007ffa7a2f0000 - 0x00007ffa7a3ad000 	C:\WINDOWS\System32\KERNEL32.DLL
0x00007ffa78860000 - 0x00007ffa78b28000 	C:\WINDOWS\System32\KERNELBASE.dll
0x00007ffa7aa30000 - 0x00007ffa7aada000 	C:\WINDOWS\System32\ADVAPI32.dll
0x00007ffa79ea0000 - 0x00007ffa79f3e000 	C:\WINDOWS\System32\msvcrt.dll
0x00007ffa7aaf0000 - 0x00007ffa7ab8b000 	C:\WINDOWS\System32\sechost.dll
0x00007ffa7a3e0000 - 0x00007ffa7a504000 	C:\WINDOWS\System32\RPCRT4.dll
0x00007ffa7a890000 - 0x00007ffa7aa30000 	C:\WINDOWS\System32\USER32.dll
0x00007ffa78400000 - 0x00007ffa78422000 	C:\WINDOWS\System32\win32u.dll
0x00007ffa7a520000 - 0x00007ffa7a54a000 	C:\WINDOWS\System32\GDI32.dll
0x00007ffa78b30000 - 0x00007ffa78c39000 	C:\WINDOWS\System32\gdi32full.dll
0x00007ffa787c0000 - 0x00007ffa7885d000 	C:\WINDOWS\System32\msvcp_win.dll
0x00007ffa786c0000 - 0x00007ffa787c0000 	C:\WINDOWS\System32\ucrtbase.dll
0x00007ffa66e30000 - 0x00007ffa670cb000 	C:\WINDOWS\WinSxS\amd64_microsoft.windows.common-controls_6595b64144ccf1df_6.0.19041.488_none_ca04af081b815d21\COMCTL32.dll
0x00007ffa7a3b0000 - 0x00007ffa7a3e0000 	C:\WINDOWS\System32\IMM32.DLL
0x0000000053d60000 - 0x0000000053e32000 	C:\Program Files\Java\jdk1.8.0_221\jre\bin\msvcr100.dll
0x0000000053e40000 - 0x00000000546e5000 	C:\Program Files\Java\jdk1.8.0_221\jre\bin\server\jvm.dll
0x00007ffa7a510000 - 0x00007ffa7a518000 	C:\WINDOWS\System32\PSAPI.DLL
0x00007ffa63770000 - 0x00007ffa63779000 	C:\WINDOWS\SYSTEM32\WSOCK32.dll
0x00007ffa69d10000 - 0x00007ffa69d37000 	C:\WINDOWS\SYSTEM32\WINMM.dll
0x00007ffa79f40000 - 0x00007ffa79fab000 	C:\WINDOWS\System32\WS2_32.dll
0x00007ffa6fa90000 - 0x00007ffa6fa9a000 	C:\WINDOWS\SYSTEM32\VERSION.dll
0x00007ffa69ca0000 - 0x00007ffa69caf000 	C:\Program Files\Java\jdk1.8.0_221\jre\bin\verify.dll
0x00007ffa4b840000 - 0x00007ffa4b869000 	C:\Program Files\Java\jdk1.8.0_221\jre\bin\java.dll
0x00007ffa4ac70000 - 0x00007ffa4ac86000 	C:\Program Files\Java\jdk1.8.0_221\jre\bin\zip.dll
0x00007ffa79010000 - 0x00007ffa79750000 	C:\WINDOWS\System32\SHELL32.dll
0x00007ffa760a0000 - 0x00007ffa76834000 	C:\WINDOWS\SYSTEM32\windows.storage.dll
0x00007ffa78cb0000 - 0x00007ffa79005000 	C:\WINDOWS\System32\combase.dll
0x00007ffa77d90000 - 0x00007ffa77dbc000 	C:\WINDOWS\SYSTEM32\Wldp.dll
0x00007ffa7a6d0000 - 0x00007ffa7a77e000 	C:\WINDOWS\System32\SHCORE.dll
0x00007ffa78c50000 - 0x00007ffa78ca5000 	C:\WINDOWS\System32\shlwapi.dll
0x00007ffa78250000 - 0x00007ffa78276000 	C:\WINDOWS\SYSTEM32\profapi.dll
0x00007ffa29af0000 - 0x00007ffa29c89000 	C:\Program Files\Java\jdk1.8.0_221\jre\bin\awt.dll
0x00007ffa7a220000 - 0x00007ffa7a2ed000 	C:\WINDOWS\System32\OLEAUT32.dll
0x00007ffa75180000 - 0x00007ffa75210000 	C:\WINDOWS\SYSTEM32\apphelp.dll
0x00007ffa75430000 - 0x00007ffa7545f000 	C:\WINDOWS\system32\DWMAPI.DLL
0x00007ffa752d0000 - 0x00007ffa7536f000 	C:\WINDOWS\system32\uxtheme.dll
0x00007ffa62860000 - 0x00007ffa62985000 	C:\WINDOWS\system32\opengl32.dll
0x00007ffa625d0000 - 0x00007ffa625fc000 	C:\WINDOWS\SYSTEM32\GLU32.dll
0x00007ffa7a550000 - 0x00007ffa7a665000 	C:\WINDOWS\System32\MSCTF.dll
0x00007ffa79fb0000 - 0x00007ffa7a0da000 	C:\WINDOWS\System32\ole32.dll
0x00007ffa76bf0000 - 0x00007ffa76c02000 	C:\WINDOWS\SYSTEM32\kernel.appcore.dll
0x00007ffa78320000 - 0x00007ffa7839f000 	C:\WINDOWS\System32\bcryptPrimitives.dll
0x0000000002eb0000 - 0x0000000002f0a000 	C:\JOGLwin\lib64\jogl.dll
0x0000000055d50000 - 0x0000000055e19000 	C:\WINDOWS\WinSxS\amd64_microsoft.vc80.crt_1fc8b3b9a1e18e3b_8.0.50727.9672_none_88e266cb2fac7c0d\MSVCR80.dll
0x00007ffa48960000 - 0x00007ffa489a9000 	C:\Program Files\Java\jdk1.8.0_221\jre\bin\fontmanager.dll
0x00007ffa6ff60000 - 0x00007ffa7005c000 	C:\WINDOWS\SYSTEM32\textinputframework.dll
0x00007ffa75050000 - 0x00007ffa75142000 	C:\WINDOWS\System32\CoreMessaging.dll
0x00007ffa74b10000 - 0x00007ffa74e6e000 	C:\WINDOWS\System32\CoreUIComponents.dll
0x00007ffa77060000 - 0x00007ffa77093000 	C:\WINDOWS\SYSTEM32\ntmarta.dll
0x00007ffa74440000 - 0x00007ffa74596000 	C:\WINDOWS\SYSTEM32\wintypes.dll
0x00007ffa674d0000 - 0x00007ffa674ea000 	C:\Program Files\Java\jdk1.8.0_221\jre\bin\net.dll
0x00007ffa64c60000 - 0x00007ffa64e4d000 	C:\WINDOWS\SYSTEM32\urlmon.dll
0x00007ffa65190000 - 0x00007ffa65440000 	C:\WINDOWS\SYSTEM32\iertutil.dll
0x00007ffa77b10000 - 0x00007ffa77b7a000 	C:\WINDOWS\system32\mswsock.dll
0x00007ffa4abc0000 - 0x00007ffa4abd2000 	C:\Program Files\Java\jdk1.8.0_221\jre\bin\nio.dll
0x00007ffa46c20000 - 0x00007ffa46c62000 	C:\Program Files\Java\jdk1.8.0_221\jre\bin\t2k.dll
0x00007ffa74ee0000 - 0x00007ffa74ee7000 	C:\Program Files\Java\jdk1.8.0_221\jre\bin\jawt.dll
0x00000000015d0000 - 0x00000000015d7000 	C:\JOGLwin\lib64\jogl_awt.dll
0x00007ffa79df0000 - 0x00007ffa79e99000 	C:\WINDOWS\System32\clbcatq.dll
0x00007ffa70510000 - 0x00007ffa7060a000 	C:\Windows\System32\AppXDeploymentClient.dll
0x00007ffa1cf80000 - 0x00007ffa1de9b000 	C:\WINDOWS\System32\DriverStore\FileRepository\iigd_dch.inf_amd64_020c2c7d3ac4a7d3\ig9icd64.dll
0x00007ffa76c70000 - 0x00007ffa76d63000 	C:\WINDOWS\system32\dxgi.dll
0x00007ffa69340000 - 0x00007ffa6937c000 	C:\WINDOWS\system32\atig6txx.dll
0x00007ffa6e3c0000 - 0x00007ffa6e564000 	C:\WINDOWS\System32\DriverStore\FileRepository\iigd_dch.inf_amd64_020c2c7d3ac4a7d3\igdgmm64.dll
0x00007ffa6bdd0000 - 0x00007ffa6e26b000 	C:\WINDOWS\System32\DriverStore\FileRepository\iigd_dch.inf_amd64_020c2c7d3ac4a7d3\igc64.dll
0x00007ffa77920000 - 0x00007ffa7796b000 	C:\WINDOWS\SYSTEM32\powrprof.dll
0x00007ffa77790000 - 0x00007ffa777a2000 	C:\WINDOWS\SYSTEM32\UMPDC.dll
0x00007ffa76900000 - 0x00007ffa76ae4000 	C:\WINDOWS\SYSTEM32\dbghelp.dll

VM Arguments:
jvm_args: -Dfile.encoding=UTF-8 -Djava.library.path=C:\JOGLwin\lib64 
java_command: computer.graphics.First
java_class_path (initial): C:\JOGLwin\lib64\gluegen-rt.jar;C:\JOGLwin\lib64\jogl.jar;C:\Users\Yossef\Documents\NetBeansProjects\computer graphics\build\classes
Launcher Type: SUN_STANDARD

Environment Variables:
PATH=C:\Program Files (x86)\Common Files\Oracle\Java\javapath;C:\WINDOWS\system32;C:\WINDOWS;C:\WINDOWS\System32\Wbem;C:\WINDOWS\System32\WindowsPowerShell\v1.0\;C:\WINDOWS\System32\OpenSSH\;C:\Users\Yossef\AppData\Local\Programs\Python\Python37\Scripts\;C:\Users\Yossef\AppData\Local\Programs\Python\Python37\;C:\Users\Yossef\AppData\Local\Microsoft\WindowsApps;C:\Program Files\JetBrains\PyCharm 2019.3.1\bin;;C:\Program Files\MiKTeX 2.9\miktex\bin\x64\;C:\Users\Yossef\AppData\Local\Programs\MiKTeX 2.9\miktex\bin\x64\;C:\Users\Yossef\AppData\Local\Programs\Microsoft VS Code\bin;C:\Program Files (x86)\CodeBlocks\MinGW\bin;
USERNAME=Yossef
OS=Windows_NT
PROCESSOR_IDENTIFIER=Intel64 Family 6 Model 142 Stepping 10, GenuineIntel



---------------  S Y S T E M  ---------------

OS: Windows 10.0 , 64 bit Build 19041 (10.0.19041.546)

CPU:total 4 (initial active 4) (2 cores per cpu, 2 threads per core) family 6 model 142 stepping 10, cmov, cx8, fxsr, mmx, sse, sse2, sse3, ssse3, sse4.1, sse4.2, popcnt, avx, avx2, aes, clmul, erms, 3dnowpref, lzcnt, ht, tsc, tscinvbit, bmi1, bmi2, adx

Memory: 4k page, physical 4056328k(1045356k free), swap 14619200k(6741120k free)

vm_info: Java HotSpot(TM) 64-Bit Server VM (25.221-b11) for windows-amd64 JRE (1.8.0_221-b11), built on Jul  4 2019 04:39:29 by "java_re" with MS VC++ 10.0 (VS2010)

time: Sat Dec 12 05:23:38 2020
timezone: Egypt Standard Time
elapsed time: 1 seconds (0d 0h 0m 1s)

