#
# A fatal error has been detected by the Java Runtime Environment:
#
#  EXCEPTION_ACCESS_VIOLATION (0xc0000005) at pc=0x00007ffa1cf9696a, pid=20872, tid=0x0000000000004348
#
# JRE version: Java(TM) SE Runtime Environment (8.0_221-b11) (build 1.8.0_221-b11)
# Java VM: Java HotSpot(TM) 64-Bit Server VM (25.221-b11 mixed mode windows-amd64 compressed oops)
# Problematic frame:
# C  [ig9icd64.dll+0x1696a]
#
# Failed to write core dump. Minidumps are not enabled by default on client versions of Windows
#
# If you would like to submit a bug report, please visit:
#   http://bugreport.java.com/bugreport/crash.jsp
# The crash happened outside the Java Virtual Machine in native code.
# See problematic frame for where to report the bug.
#

---------------  T H R E A D  ---------------

Current thread (0x00000000167f5800):  JavaThread "AWT-EventQueue-0" [_thread_in_native, id=17224, stack(0x00000000180e0000,0x00000000181e0000)]

siginfo: ExceptionCode=0xc0000005, reading address 0x000000011d9187f0

Registers:
RAX=0x00007ffa1cf9696a, RBX=0x00000000196f9148, RCX=0x000000001d918810, RDX=0x000000011d918800
RSP=0x00000000181dd160, RBP=0x0000000000000000, RSI=0x00000000ffffffff, RDI=0x0000000000010000
R8 =0x0000000000000010, R9 =0x00007ffa1cf80000, R10=0x0000000000000003, R11=0x0000000000000010
R12=0x00000000196fa308, R13=0x0000000000000000, R14=0x0000000000000010, R15=0x00000000196d0080
RIP=0x00007ffa1cf9696a, EFLAGS=0x0000000000010206

Top of Stack: (sp=0x00000000181dd160)
0x00000000181dd160:   0000000000baa2a0 0000000000b86ec0
0x00000000181dd170:   0000000000000000 00007ffa7abf12f9
0x00000000181dd180:   00007ffa78b907f1 00007ffa1d078347
0x00000000181dd190:   0000000000baa2a0 0000000000000000
0x00000000181dd1a0:   0000000000000001 00000000181dd1b8
0x00000000181dd1b0:   0000000000000000 00007ffaffffffff
0x00000000181dd1c0:   00000000181dd1b8 0000000000000001
0x00000000181dd1d0:   0000000000000000 00000000167f5800
0x00000000181dd1e0:   0000000000000010 0000000018b93be0
0x00000000181dd1f0:   0000000000000000 00000000196d0080
0x00000000181dd200:   00000000196d0080 0000000000000000
0x00000000181dd210:   00000000196d0080 00007ffa1d0cb76b
0x00000000181dd220:   00000000ffffffff 0000000000000000
0x00000000181dd230:   0000000000000001 0000000000000003
0x00000000181dd240:   0000000000c57f80 00007ffa1cfe7f3e
0x00000000181dd250:   ffffffff86011043 00007ffa78b397cf 

Instructions: (pc=0x00007ffa1cf9696a)
0x00007ffa1cf9694a:   41 d8 8b 42 dc 89 41 dc 8b 42 e0 89 41 e0 8b 42
0x00007ffa1cf9695a:   e4 89 41 e4 8b 42 e8 89 41 e8 8b 42 ec 89 41 ec
0x00007ffa1cf9696a:   8b 42 f0 89 41 f0 e9 26 03 00 00 48 8b c1 83 e0
0x00007ffa1cf9697a:   0f 74 3d 41 b9 10 00 00 00 4c 2b c8 49 8b c1 49 


Register to memory mapping:

RAX=0x00007ffa1cf9696a is an unknown value
RBX=0x00000000196f9148 is an unknown value
RCX=0x000000001d918810 is an unknown value
RDX=0x000000011d918800 is an unknown value
RSP=0x00000000181dd160 is pointing into the stack for thread: 0x00000000167f5800
RBP=0x0000000000000000 is an unknown value
RSI=0x00000000ffffffff is an unallocated location in the heap
RDI=0x0000000000010000 is an unknown value
R8 =0x0000000000000010 is an unknown value
R9 =0x00007ffa1cf80000 is an unknown value
R10=0x0000000000000003 is an unknown value
R11=0x0000000000000010 is an unknown value
R12=0x00000000196fa308 is an unknown value
R13=0x0000000000000000 is an unknown value
R14=0x0000000000000010 is an unknown value
R15=0x00000000196d0080 is an unknown value


Stack: [0x00000000180e0000,0x00000000181e0000],  sp=0x00000000181dd160,  free space=1012k
Native frames: (J=compiled Java code, j=interpreted, Vv=VM code, C=native code)

Java frames: (J=compiled Java code, j=interpreted, Vv=VM code)
j  com.sun.opengl.impl.windows.WGL.SwapBuffers(J)Z+0
j  com.sun.opengl.impl.windows.WindowsOnscreenGLDrawable.swapBuffers()V+38
j  com.sun.opengl.impl.GLDrawableHelper.invokeGL(Ljavax/media/opengl/GLDrawable;Ljavax/media/opengl/GLContext;Ljava/lang/Runnable;Ljava/lang/Runnable;)V+435
j  javax.media.opengl.GLCanvas.maybeDoSingleThreadedWorkaround(Ljava/lang/Runnable;Ljava/lang/Runnable;)V+36
j  javax.media.opengl.GLCanvas.display()V+9
j  computer.graphics.First$2.mouseDragged(Ljava/awt/event/MouseEvent;)V+123
j  java.awt.Component.processMouseMotionEvent(Ljava/awt/event/MouseEvent;)V+52
j  java.awt.Component.processEvent(Ljava/awt/AWTEvent;)V+92
j  java.awt.Component.dispatchEventImpl(Ljava/awt/AWTEvent;)V+589
j  java.awt.Component.dispatchEvent(Ljava/awt/AWTEvent;)V+2
j  java.awt.EventQueue.dispatchEventImpl(Ljava/awt/AWTEvent;Ljava/lang/Object;)V+41
j  java.awt.EventQueue.access$500(Ljava/awt/EventQueue;Ljava/awt/AWTEvent;Ljava/lang/Object;)V+3
j  java.awt.EventQueue$3.run()Ljava/lang/Void;+32
j  java.awt.EventQueue$3.run()Ljava/lang/Object;+1
v  ~StubRoutines::call_stub
j  java.security.AccessController.doPrivileged(Ljava/security/PrivilegedAction;Ljava/security/AccessControlContext;)Ljava/lang/Object;+0
j  java.security.ProtectionDomain$JavaSecurityAccessImpl.doIntersectionPrivilege(Ljava/security/PrivilegedAction;Ljava/security/AccessControlContext;Ljava/security/AccessControlContext;)Ljava/lang/Object;+18
j  java.security.ProtectionDomain$JavaSecurityAccessImpl.doIntersectionPrivilege(Ljava/security/PrivilegedAction;Ljava/security/AccessControlContext;)Ljava/lang/Object;+6
j  java.awt.EventQueue$4.run()Ljava/lang/Void;+11
j  java.awt.EventQueue$4.run()Ljava/lang/Object;+1
v  ~StubRoutines::call_stub
j  java.security.AccessController.doPrivileged(Ljava/security/PrivilegedAction;Ljava/security/AccessControlContext;)Ljava/lang/Object;+0
J 684 C1 java.awt.EventQueue.dispatchEvent(Ljava/awt/AWTEvent;)V (80 bytes) @ 0x0000000002c7723c [0x0000000002c763c0+0xe7c]
j  java.awt.EventDispatchThread.pumpOneEventForFilters(I)V+140
j  java.awt.EventDispatchThread.pumpEventsForFilter(ILjava/awt/Conditional;Ljava/awt/EventFilter;)V+35
j  java.awt.EventDispatchThread.pumpEventsForHierarchy(ILjava/awt/Conditional;Ljava/awt/Component;)V+11
j  java.awt.EventDispatchThread.pumpEvents(ILjava/awt/Conditional;)V+4
j  java.awt.EventDispatchThread.pumpEvents(Ljava/awt/Conditional;)V+3
j  java.awt.EventDispatchThread.run()V+9
v  ~StubRoutines::call_stub

---------------  P R O C E S S  ---------------

Java Threads: ( => current thread )
  0x00000000167f6000 JavaThread "TimerQueue" daemon [_thread_blocked, id=10720, stack(0x0000000018a80000,0x0000000018b80000)]
  0x00000000167f4800 JavaThread "DestroyJavaVM" [_thread_blocked, id=62572, stack(0x0000000000f80000,0x0000000001080000)]
=>0x00000000167f5800 JavaThread "AWT-EventQueue-0" [_thread_in_native, id=17224, stack(0x00000000180e0000,0x00000000181e0000)]
  0x0000000017073800 JavaThread "AWT-Windows" daemon [_thread_in_native, id=19916, stack(0x0000000017a80000,0x0000000017b80000)]
  0x000000001706f800 JavaThread "AWT-Shutdown" [_thread_blocked, id=23748, stack(0x0000000017980000,0x0000000017a80000)]
  0x000000001706f000 JavaThread "Java2D Disposer" daemon [_thread_blocked, id=21140, stack(0x0000000017880000,0x0000000017980000)]
  0x0000000016875800 JavaThread "Service Thread" daemon [_thread_blocked, id=20444, stack(0x0000000016cf0000,0x0000000016df0000)]
  0x00000000167f4000 JavaThread "C1 CompilerThread2" daemon [_thread_blocked, id=22432, stack(0x0000000016bf0000,0x0000000016cf0000)]
  0x0000000014f8c000 JavaThread "C2 CompilerThread1" daemon [_thread_blocked, id=22492, stack(0x00000000166f0000,0x00000000167f0000)]
  0x0000000014f87000 JavaThread "C2 CompilerThread0" daemon [_thread_blocked, id=22488, stack(0x00000000165f0000,0x00000000166f0000)]
  0x0000000014fd2000 JavaThread "Attach Listener" daemon [_thread_blocked, id=22496, stack(0x00000000164f0000,0x00000000165f0000)]
  0x0000000014fd1800 JavaThread "Signal Dispatcher" daemon [_thread_blocked, id=23744, stack(0x00000000163f0000,0x00000000164f0000)]
  0x0000000014f69800 JavaThread "Finalizer" daemon [_thread_blocked, id=23316, stack(0x00000000161f0000,0x00000000162f0000)]
  0x0000000002961000 JavaThread "Reference Handler" daemon [_thread_blocked, id=23300, stack(0x00000000160f0000,0x00000000161f0000)]

Other Threads:
  0x0000000014f48000 VMThread [stack: 0x0000000015ff0000,0x00000000160f0000] [id=23272]
  0x00000000168a2000 WatcherThread [stack: 0x0000000016df0000,0x0000000016ef0000] [id=20316]

VM state:not at safepoint (normal execution)

VM Mutex/Monitor currently owned by a thread: None

heap address: 0x00000000c2000000, size: 992 MB, Compressed Oops mode: 32-bit
Narrow klass base: 0x0000000000000000, Narrow klass shift: 3
Compressed class space size: 1073741824 Address: 0x0000000100000000

Heap:
 PSYoungGen      total 18432K, used 10399K [0x00000000eb580000, 0x00000000eca00000, 0x0000000100000000)
  eden space 15872K, 65% used [0x00000000eb580000,0x00000000ebfa7de0,0x00000000ec500000)
  from space 2560K, 0% used [0x00000000ec780000,0x00000000ec780000,0x00000000eca00000)
  to   space 2560K, 0% used [0x00000000ec500000,0x00000000ec500000,0x00000000ec780000)
 ParOldGen       total 42496K, used 0K [0x00000000c2000000, 0x00000000c4980000, 0x00000000eb580000)
  object space 42496K, 0% used [0x00000000c2000000,0x00000000c2000000,0x00000000c4980000)
 Metaspace       used 13968K, capacity 14188K, committed 14336K, reserved 1062912K
  class space    used 1682K, capacity 1766K, committed 1792K, reserved 1048576K

Card table byte_map: [0x0000000011da0000,0x0000000011fa0000] byte_map_base: 0x0000000011790000

Marking Bits: (ParMarkBitMap*) 0x0000000054665ce0
 Begin Bits: [0x00000000124f0000, 0x0000000013470000)
 End Bits:   [0x0000000013470000, 0x00000000143f0000)

Polling page: 0x0000000000b50000

CodeCache: size=245760Kb used=2821Kb max_used=2822Kb free=242938Kb
 bounds [0x00000000029e0000, 0x0000000002cb0000, 0x00000000119e0000]
 total_blobs=1420 nmethods=775 adapters=558
 compilation: enabled

Compilation events (10 events):
Event: 1.451 Thread 0x00000000167f4000  771       3       java.nio.Buffer::limit (62 bytes)
Event: 1.451 Thread 0x00000000167f4000 nmethod 771 0x0000000002ca1710 code [0x0000000002ca1880, 0x0000000002ca1b88]
Event: 1.457 Thread 0x00000000167f4000  772       3       java.lang.ThreadLocal::get (38 bytes)
Event: 1.457 Thread 0x00000000167f4000 nmethod 772 0x0000000002ca0fd0 code [0x0000000002ca1160, 0x0000000002ca1518]
Event: 1.457 Thread 0x00000000167f4000  774       3       java.lang.reflect.Method::invoke (62 bytes)
Event: 1.458 Thread 0x00000000167f4000 nmethod 774 0x0000000002ca06d0 code [0x0000000002ca0880, 0x0000000002ca0de8]
Event: 1.458 Thread 0x00000000167f4000  775       3       sun.reflect.DelegatingMethodAccessorImpl::invoke (10 bytes)
Event: 1.458 Thread 0x00000000167f4000 nmethod 775 0x0000000002ca0250 code [0x0000000002ca03c0, 0x0000000002ca05e8]
Event: 1.458 Thread 0x00000000167f4000  773       3       java.nio.Bits::byteOrder (20 bytes)
Event: 1.458 Thread 0x00000000167f4000 nmethod 773 0x0000000002c9ff50 code [0x0000000002ca00a0, 0x0000000002ca01f0]

GC Heap History (0 events):
No events

Deoptimization events (0 events):
No events

Classes redefined (0 events):
No events

Internal exceptions (10 events):
Event: 0.035 Thread 0x00000000029dd800 Exception <a 'java/lang/NoSuchMethodError': Method sun.misc.Unsafe.defineClass(Ljava/lang/String;[BII)Ljava/lang/Class; name or signature does not match> (0x00000000eb587cb8) thrown at [C:\re\workspace\8-2-build-windows-amd64-cygwin\jdk8u221\13320\hotspot
Event: 0.035 Thread 0x00000000029dd800 Exception <a 'java/lang/NoSuchMethodError': Method sun.misc.Unsafe.prefetchRead(Ljava/lang/Object;J)V name or signature does not match> (0x00000000eb587fa0) thrown at [C:\re\workspace\8-2-build-windows-amd64-cygwin\jdk8u221\13320\hotspot\src\share\vm\prim
Event: 0.144 Thread 0x00000000029dd800 Exception <a 'java/security/PrivilegedActionException'> (0x00000000eb6f2000) thrown at [C:\re\workspace\8-2-build-windows-amd64-cygwin\jdk8u221\13320\hotspot\src\share\vm\prims\jvm.cpp, line 1502]
Event: 0.144 Thread 0x00000000029dd800 Exception <a 'java/security/PrivilegedActionException'> (0x00000000eb6f2210) thrown at [C:\re\workspace\8-2-build-windows-amd64-cygwin\jdk8u221\13320\hotspot\src\share\vm\prims\jvm.cpp, line 1502]
Event: 0.145 Thread 0x00000000029dd800 Exception <a 'java/security/PrivilegedActionException'> (0x00000000eb6f6120) thrown at [C:\re\workspace\8-2-build-windows-amd64-cygwin\jdk8u221\13320\hotspot\src\share\vm\prims\jvm.cpp, line 1502]
Event: 0.145 Thread 0x00000000029dd800 Exception <a 'java/security/PrivilegedActionException'> (0x00000000eb6f6330) thrown at [C:\re\workspace\8-2-build-windows-amd64-cygwin\jdk8u221\13320\hotspot\src\share\vm\prims\jvm.cpp, line 1502]
Event: 0.150 Thread 0x00000000029dd800 Exception <a 'java/io/FileNotFoundException'> (0x00000000eb6f8470) thrown at [C:\re\workspace\8-2-build-windows-amd64-cygwin\jdk8u221\13320\hotspot\src\share\vm\prims\jni.cpp, line 710]
Event: 0.192 Thread 0x00000000029dd800 Exception <a 'java/lang/NoSuchFieldError': method resolution failed> (0x00000000eb7c9088) thrown at [C:\re\workspace\8-2-build-windows-amd64-cygwin\jdk8u221\13320\hotspot\src\share\vm\prims\methodHandles.cpp, line 1167]
Event: 0.195 Thread 0x00000000029dd800 Exception <a 'java/lang/NoSuchFieldError': method resolution failed> (0x00000000eb7d6468) thrown at [C:\re\workspace\8-2-build-windows-amd64-cygwin\jdk8u221\13320\hotspot\src\share\vm\prims\methodHandles.cpp, line 1167]
Event: 0.248 Thread 0x00000000029dd800 Exception <a 'java/io/FileNotFoundException'> (0x00000000eb86edc8) thrown at [C:\re\workspace\8-2-build-windows-amd64-cygwin\jdk8u221\13320\hotspot\src\share\vm\prims\jni.cpp, line 710]

Events (10 events):
Event: 0.871 loading class com/sun/opengl/impl/GLProcAddressTable
Event: 0.871 loading class com/sun/opengl/impl/GLProcAddressTable done
Event: 0.873 loading class com/sun/gluegen/runtime/ProcAddressHelper
Event: 0.873 loading class com/sun/gluegen/runtime/ProcAddressHelper done
Event: 0.880 loading class sun/reflect/UnsafeLongFieldAccessorImpl
Event: 0.880 loading class sun/reflect/UnsafeLongFieldAccessorImpl done
Event: 0.885 loading class com/sun/opengl/impl/windows/WGLExtProcAddressTable
Event: 0.885 loading class com/sun/opengl/impl/windows/WGLExtProcAddressTable done
Event: 1.415 loading class javafx/util/Pair
Event: 1.415 loading class javafx/util/Pair done


Dynamic libraries:
0x00007ff77e760000 - 0x00007ff77e797000 	C:\Program Files\Java\jdk1.8.0_221\bin\java.exe
0x00007ffa7abd0000 - 0x00007ffa7adc6000 	C:\WINDOWS\SYSTEM32\ntdll.dll
0x00007ffa7a2f0000 - 0x00007ffa7a3ad000 	C:\WINDOWS\System32\KERNEL32.DLL
0x00007ffa78860000 - 0x00007ffa78b28000 	C:\WINDOWS\System32\KERNELBASE.dll
0x00007ffa7aa30000 - 0x00007ffa7aada000 	C:\WINDOWS\System32\ADVAPI32.dll
0x00007ffa79ea0000 - 0x00007ffa79f3e000 	C:\WINDOWS\System32\msvcrt.dll
0x00007ffa7aaf0000 - 0x00007ffa7ab8b000 	C:\WINDOWS\System32\sechost.dll
0x00007ffa7a3e0000 - 0x00007ffa7a504000 	C:\WINDOWS\System32\RPCRT4.dll
0x00007ffa7a890000 - 0x00007ffa7aa30000 	C:\WINDOWS\System32\USER32.dll
0x00007ffa78400000 - 0x00007ffa78422000 	C:\WINDOWS\System32\win32u.dll
0x00007ffa7a520000 - 0x00007ffa7a54a000 	C:\WINDOWS\System32\GDI32.dll
0x00007ffa78b30000 - 0x00007ffa78c39000 	C:\WINDOWS\System32\gdi32full.dll
0x00007ffa787c0000 - 0x00007ffa7885d000 	C:\WINDOWS\System32\msvcp_win.dll
0x00007ffa786c0000 - 0x00007ffa787c0000 	C:\WINDOWS\System32\ucrtbase.dll
0x00007ffa66e30000 - 0x00007ffa670cb000 	C:\WINDOWS\WinSxS\amd64_microsoft.windows.common-controls_6595b64144ccf1df_6.0.19041.488_none_ca04af081b815d21\COMCTL32.dll
0x00007ffa7a3b0000 - 0x00007ffa7a3e0000 	C:\WINDOWS\System32\IMM32.DLL
0x0000000053d60000 - 0x0000000053e32000 	C:\Program Files\Java\jdk1.8.0_221\jre\bin\msvcr100.dll
0x0000000053e40000 - 0x00000000546e5000 	C:\Program Files\Java\jdk1.8.0_221\jre\bin\server\jvm.dll
0x00007ffa7a510000 - 0x00007ffa7a518000 	C:\WINDOWS\System32\PSAPI.DLL
0x00007ffa69d10000 - 0x00007ffa69d37000 	C:\WINDOWS\SYSTEM32\WINMM.dll
0x00007ffa6fa90000 - 0x00007ffa6fa9a000 	C:\WINDOWS\SYSTEM32\VERSION.dll
0x00007ffa63770000 - 0x00007ffa63779000 	C:\WINDOWS\SYSTEM32\WSOCK32.dll
0x00007ffa79f40000 - 0x00007ffa79fab000 	C:\WINDOWS\System32\WS2_32.dll
0x00007ffa69ca0000 - 0x00007ffa69caf000 	C:\Program Files\Java\jdk1.8.0_221\jre\bin\verify.dll
0x00007ffa4b840000 - 0x00007ffa4b869000 	C:\Program Files\Java\jdk1.8.0_221\jre\bin\java.dll
0x00007ffa4ac70000 - 0x00007ffa4ac86000 	C:\Program Files\Java\jdk1.8.0_221\jre\bin\zip.dll
0x00007ffa79010000 - 0x00007ffa79750000 	C:\WINDOWS\System32\SHELL32.dll
0x00007ffa760a0000 - 0x00007ffa76834000 	C:\WINDOWS\SYSTEM32\windows.storage.dll
0x00007ffa78cb0000 - 0x00007ffa79005000 	C:\WINDOWS\System32\combase.dll
0x00007ffa77d90000 - 0x00007ffa77dbc000 	C:\WINDOWS\SYSTEM32\Wldp.dll
0x00007ffa7a6d0000 - 0x00007ffa7a77e000 	C:\WINDOWS\System32\SHCORE.dll
0x00007ffa78c50000 - 0x00007ffa78ca5000 	C:\WINDOWS\System32\shlwapi.dll
0x00007ffa78250000 - 0x00007ffa78276000 	C:\WINDOWS\SYSTEM32\profapi.dll
0x00007ffa29af0000 - 0x00007ffa29c89000 	C:\Program Files\Java\jdk1.8.0_221\jre\bin\awt.dll
0x00007ffa7a220000 - 0x00007ffa7a2ed000 	C:\WINDOWS\System32\OLEAUT32.dll
0x00007ffa75180000 - 0x00007ffa75210000 	C:\WINDOWS\SYSTEM32\apphelp.dll
0x00007ffa75430000 - 0x00007ffa7545f000 	C:\WINDOWS\system32\DWMAPI.DLL
0x00007ffa752d0000 - 0x00007ffa7536f000 	C:\WINDOWS\system32\uxtheme.dll
0x00007ffa62860000 - 0x00007ffa62985000 	C:\WINDOWS\system32\opengl32.dll
0x00007ffa625d0000 - 0x00007ffa625fc000 	C:\WINDOWS\SYSTEM32\GLU32.dll
0x00007ffa7a550000 - 0x00007ffa7a665000 	C:\WINDOWS\System32\MSCTF.dll
0x00007ffa79fb0000 - 0x00007ffa7a0da000 	C:\WINDOWS\System32\ole32.dll
0x00007ffa76bf0000 - 0x00007ffa76c02000 	C:\WINDOWS\SYSTEM32\kernel.appcore.dll
0x00007ffa78320000 - 0x00007ffa7839f000 	C:\WINDOWS\System32\bcryptPrimitives.dll
0x0000000018080000 - 0x00000000180da000 	C:\JOGLwin\lib64\jogl.dll
0x0000000055d50000 - 0x0000000055e19000 	C:\WINDOWS\WinSxS\amd64_microsoft.vc80.crt_1fc8b3b9a1e18e3b_8.0.50727.9672_none_88e266cb2fac7c0d\MSVCR80.dll
0x00007ffa48960000 - 0x00007ffa489a9000 	C:\Program Files\Java\jdk1.8.0_221\jre\bin\fontmanager.dll
0x00007ffa6ff60000 - 0x00007ffa7005c000 	C:\WINDOWS\SYSTEM32\textinputframework.dll
0x00007ffa74b10000 - 0x00007ffa74e6e000 	C:\WINDOWS\System32\CoreUIComponents.dll
0x00007ffa75050000 - 0x00007ffa75142000 	C:\WINDOWS\System32\CoreMessaging.dll
0x00007ffa77060000 - 0x00007ffa77093000 	C:\WINDOWS\SYSTEM32\ntmarta.dll
0x00007ffa74440000 - 0x00007ffa74596000 	C:\WINDOWS\SYSTEM32\wintypes.dll
0x00007ffa674d0000 - 0x00007ffa674ea000 	C:\Program Files\Java\jdk1.8.0_221\jre\bin\net.dll
0x00007ffa64c60000 - 0x00007ffa64e4d000 	C:\WINDOWS\SYSTEM32\urlmon.dll
0x00007ffa65190000 - 0x00007ffa65440000 	C:\WINDOWS\SYSTEM32\iertutil.dll
0x00007ffa77b10000 - 0x00007ffa77b7a000 	C:\WINDOWS\system32\mswsock.dll
0x00007ffa4abc0000 - 0x00007ffa4abd2000 	C:\Program Files\Java\jdk1.8.0_221\jre\bin\nio.dll
0x00007ffa46c20000 - 0x00007ffa46c62000 	C:\Program Files\Java\jdk1.8.0_221\jre\bin\t2k.dll
0x00007ffa74ee0000 - 0x00007ffa74ee7000 	C:\Program Files\Java\jdk1.8.0_221\jre\bin\jawt.dll
0x0000000017860000 - 0x0000000017867000 	C:\JOGLwin\lib64\jogl_awt.dll
0x00007ffa79df0000 - 0x00007ffa79e99000 	C:\WINDOWS\System32\clbcatq.dll
0x00007ffa70510000 - 0x00007ffa7060a000 	C:\Windows\System32\AppXDeploymentClient.dll
0x00007ffa1cf80000 - 0x00007ffa1de9b000 	C:\WINDOWS\System32\DriverStore\FileRepository\iigd_dch.inf_amd64_020c2c7d3ac4a7d3\ig9icd64.dll
0x00007ffa76c70000 - 0x00007ffa76d63000 	C:\WINDOWS\system32\dxgi.dll
0x00007ffa69340000 - 0x00007ffa6937c000 	C:\WINDOWS\system32\atig6txx.dll
0x00007ffa6e3c0000 - 0x00007ffa6e564000 	C:\WINDOWS\System32\DriverStore\FileRepository\iigd_dch.inf_amd64_020c2c7d3ac4a7d3\igdgmm64.dll
0x00007ffa6bdd0000 - 0x00007ffa6e26b000 	C:\WINDOWS\System32\DriverStore\FileRepository\iigd_dch.inf_amd64_020c2c7d3ac4a7d3\igc64.dll
0x00007ffa77920000 - 0x00007ffa7796b000 	C:\WINDOWS\SYSTEM32\powrprof.dll
0x00007ffa77790000 - 0x00007ffa777a2000 	C:\WINDOWS\SYSTEM32\UMPDC.dll
0x00007ffa76900000 - 0x00007ffa76ae4000 	C:\WINDOWS\SYSTEM32\dbghelp.dll

VM Arguments:
jvm_args: -Dfile.encoding=UTF-8 -Djava.library.path=C:\JOGLwin\lib64 
java_command: computer.graphics.First
java_class_path (initial): C:\JOGLwin\lib64\gluegen-rt.jar;C:\JOGLwin\lib64\jogl.jar;C:\Users\Yossef\Documents\NetBeansProjects\computer graphics\build\classes
Launcher Type: SUN_STANDARD

Environment Variables:
PATH=C:\Program Files (x86)\Common Files\Oracle\Java\javapath;C:\WINDOWS\system32;C:\WINDOWS;C:\WINDOWS\System32\Wbem;C:\WINDOWS\System32\WindowsPowerShell\v1.0\;C:\WINDOWS\System32\OpenSSH\;C:\Users\Yossef\AppData\Local\Programs\Python\Python37\Scripts\;C:\Users\Yossef\AppData\Local\Programs\Python\Python37\;C:\Users\Yossef\AppData\Local\Microsoft\WindowsApps;C:\Program Files\JetBrains\PyCharm 2019.3.1\bin;;C:\Program Files\MiKTeX 2.9\miktex\bin\x64\;C:\Users\Yossef\AppData\Local\Programs\MiKTeX 2.9\miktex\bin\x64\;C:\Users\Yossef\AppData\Local\Programs\Microsoft VS Code\bin;C:\Program Files (x86)\CodeBlocks\MinGW\bin;
USERNAME=Yossef
OS=Windows_NT
PROCESSOR_IDENTIFIER=Intel64 Family 6 Model 142 Stepping 10, GenuineIntel



---------------  S Y S T E M  ---------------

OS: Windows 10.0 , 64 bit Build 19041 (10.0.19041.546)

CPU:total 4 (initial active 4) (2 cores per cpu, 2 threads per core) family 6 model 142 stepping 10, cmov, cx8, fxsr, mmx, sse, sse2, sse3, ssse3, sse4.1, sse4.2, popcnt, avx, avx2, aes, clmul, erms, 3dnowpref, lzcnt, ht, tsc, tscinvbit, bmi1, bmi2, adx

Memory: 4k page, physical 4056328k(1047992k free), swap 14619200k(6743632k free)

vm_info: Java HotSpot(TM) 64-Bit Server VM (25.221-b11) for windows-amd64 JRE (1.8.0_221-b11), built on Jul  4 2019 04:39:29 by "java_re" with MS VC++ 10.0 (VS2010)

time: Sat Dec 12 05:23:54 2020
timezone: Egypt Standard Time
elapsed time: 1 seconds (0d 0h 0m 1s)

